0 info it worked if it ends with ok
1 verbose cli [ 'node',
1 verbose cli   '/usr/local/bin/npm',
1 verbose cli   'install',
1 verbose cli   '--save-dev',
1 verbose cli   'grunt-load-grunt-tasks' ]
2 info using npm@1.4.28
3 info using node@v0.10.35
4 warn package.json my-project-name@0.1.0 No description
5 warn package.json my-project-name@0.1.0 No repository field.
6 verbose readDependencies using package.json deps
7 verbose cache add [ 'grunt-load-grunt-tasks', null ]
8 verbose cache add name=undefined spec="grunt-load-grunt-tasks" args=["grunt-load-grunt-tasks",null]
9 verbose parsed url { protocol: null,
9 verbose parsed url   slashes: null,
9 verbose parsed url   auth: null,
9 verbose parsed url   host: null,
9 verbose parsed url   port: null,
9 verbose parsed url   hostname: null,
9 verbose parsed url   hash: null,
9 verbose parsed url   search: null,
9 verbose parsed url   query: null,
9 verbose parsed url   pathname: 'grunt-load-grunt-tasks',
9 verbose parsed url   path: 'grunt-load-grunt-tasks',
9 verbose parsed url   href: 'grunt-load-grunt-tasks' }
10 silly lockFile 1813333c-grunt-load-grunt-tasks grunt-load-grunt-tasks
11 verbose lock grunt-load-grunt-tasks /Users/user/.npm/1813333c-grunt-load-grunt-tasks.lock
12 silly lockFile 1813333c-grunt-load-grunt-tasks grunt-load-grunt-tasks
13 silly lockFile 1813333c-grunt-load-grunt-tasks grunt-load-grunt-tasks
14 verbose addNamed [ 'grunt-load-grunt-tasks', '' ]
15 verbose addNamed [ null, '*' ]
16 silly lockFile 3f6fb6cd-grunt-load-grunt-tasks grunt-load-grunt-tasks@
17 verbose lock grunt-load-grunt-tasks@ /Users/user/.npm/3f6fb6cd-grunt-load-grunt-tasks.lock
18 silly addNameRange { name: 'grunt-load-grunt-tasks', range: '*', hasData: false }
19 verbose request where is /grunt-load-grunt-tasks
20 verbose request registry https://registry.npmjs.org/
21 verbose request id 819dcb3c39ed5d36
22 verbose url raw /grunt-load-grunt-tasks
23 verbose url resolving [ 'https://registry.npmjs.org/', './grunt-load-grunt-tasks' ]
24 verbose url resolved https://registry.npmjs.org/grunt-load-grunt-tasks
25 verbose request where is https://registry.npmjs.org/grunt-load-grunt-tasks
26 info trying registry request attempt 1 at 13:12:30
27 http GET https://registry.npmjs.org/grunt-load-grunt-tasks
28 http 404 https://registry.npmjs.org/grunt-load-grunt-tasks
29 silly registry.get cb [ 404,
29 silly registry.get   { 'content-type': 'application/json',
29 silly registry.get     'cache-control': 'max-age=0',
29 silly registry.get     'content-length': '2',
29 silly registry.get     'accept-ranges': 'bytes',
29 silly registry.get     date: 'Thu, 10 Sep 2015 01:12:32 GMT',
29 silly registry.get     via: '1.1 varnish',
29 silly registry.get     age: '0',
29 silly registry.get     connection: 'keep-alive',
29 silly registry.get     'x-served-by': 'cache-wlg7321-WLG',
29 silly registry.get     'x-cache': 'MISS',
29 silly registry.get     'x-cache-hits': '0',
29 silly registry.get     'x-timer': 'S1441847552.170624,VS0,VE221' } ]
30 silly lockFile 3f6fb6cd-grunt-load-grunt-tasks grunt-load-grunt-tasks@
31 silly lockFile 3f6fb6cd-grunt-load-grunt-tasks grunt-load-grunt-tasks@
32 error 404 Not Found
32 error 404
32 error 404 'grunt-load-grunt-tasks' is not in the npm registry.
32 error 404 You should bug the author to publish it
32 error 404 It was specified as a dependency of 'my-project-name'
32 error 404
32 error 404 Note that you can also install from a
32 error 404 tarball, folder, or http url, or git url.
33 error System Darwin 14.4.0
34 error command "node" "/usr/local/bin/npm" "install" "--save-dev" "grunt-load-grunt-tasks"
35 error cwd /Applications/MAMP/htdocs/boilerplate
36 error node -v v0.10.35
37 error npm -v 1.4.28
38 error code E404
39 verbose exit [ 1, true ]
